Performing C SOURCE FILE Test CMAKE_HAVE_LIBC_PTHREAD failed with the following output:
Change Dir: /home/nathan/CLionProjects/capture_images/cmake-build-debug/CMakeFiles/CMakeTmp

Run Build Command(s):/home/nathan/clion-2021.3.4/bin/ninja/linux/ninja cmTC_990b4 && [1/2] Building C object CMakeFiles/cmTC_990b4.dir/src.c.o
[2/2] Linking C executable cmTC_990b4
FAILED: cmTC_990b4 
: && /usr/bin/cc -fPIC  CMakeFiles/cmTC_990b4.dir/src.c.o -o cmTC_990b4   && :
/usr/bin/ld : CMakeFiles/cmTC_990b4.dir/src.c.o : dans la fonction « main » :
src.c:(.text+0x46) : référence indéfinie vers « pthread_create »
/usr/bin/ld : src.c:(.text+0x52) : référence indéfinie vers « pthread_detach »
/usr/bin/ld : src.c:(.text+0x5e) : référence indéfinie vers « pthread_cancel »
/usr/bin/ld : src.c:(.text+0x6f) : référence indéfinie vers « pthread_join »
collect2: error: ld returned 1 exit status
ninja: build stopped: subcommand failed.


Source file was:
#include <pthread.h>

static void* test_func(void* data)
{
  return data;
}

int main(void)
{
  pthread_t thread;
  pthread_create(&thread, NULL, test_func, NULL);
  pthread_detach(thread);
  pthread_cancel(thread);
  pthread_join(thread, NULL);
  pthread_atfork(NULL, NULL, NULL);
  pthread_exit(NULL);

  return 0;
}

Determining if the function pthread_create exists in the pthreads failed with the following output:
Change Dir: /home/nathan/CLionProjects/capture_images/cmake-build-debug/CMakeFiles/CMakeTmp

Run Build Command(s):/home/nathan/clion-2021.3.4/bin/ninja/linux/ninja cmTC_28061 && [1/2] Building C object CMakeFiles/cmTC_28061.dir/CheckFunctionExists.c.o
[2/2] Linking C executable cmTC_28061
FAILED: cmTC_28061 
: && /usr/bin/cc -fPIC -DCHECK_FUNCTION_EXISTS=pthread_create  CMakeFiles/cmTC_28061.dir/CheckFunctionExists.c.o -o cmTC_28061  -lpthreads && :
/usr/bin/ld : ne peut trouver -lpthreads
collect2: error: ld returned 1 exit status
ninja: build stopped: subcommand failed.



